2023-02-13 10:21:52,032 - root - INFO - Main - acquire a child logger and then log messages in the child
2023-02-13 10:21:52,032 - DiscoveryAppln - DEBUG - Main: parse command line arguments
2023-02-13 10:21:52,033 - DiscoveryAppln - DEBUG - Main: resetting log level to 20
2023-02-13 10:21:52,034 - DiscoveryAppln - INFO - DiscoveryAppln::configure
2023-02-13 10:21:52,035 - DiscoveryAppln - INFO - DiscoveryMW::configure
2023-02-13 10:21:52,037 - DiscoveryAppln - INFO - DiscoveryMW::configure completed
2023-02-13 10:21:52,037 - DiscoveryAppln - INFO - DiscoveryAppln::configure - configuration complete
2023-02-13 10:21:52,037 - DiscoveryAppln - INFO - DiscoveryAppln::driver
2023-02-13 10:21:52,037 - DiscoveryAppln - INFO - **********************************
2023-02-13 10:21:52,037 - DiscoveryAppln - INFO - DiscoveryAppln::dump
2023-02-13 10:21:52,037 - DiscoveryAppln - INFO - ------------------------------
2023-02-13 10:21:52,037 - DiscoveryAppln - INFO -      Name: Discovery
2023-02-13 10:21:52,037 - DiscoveryAppln - INFO -      Lookup: Centralized
2023-02-13 10:21:52,038 - DiscoveryAppln - INFO -      Dissemination: Direct
2023-02-13 10:21:52,038 - DiscoveryAppln - INFO -      Number of publishers in the system: 1
2023-02-13 10:21:52,038 - DiscoveryAppln - INFO -      Number of subscribers in the system: 1
2023-02-13 10:21:52,038 - DiscoveryAppln - INFO - **********************************
2023-02-13 10:21:52,038 - DiscoveryAppln - INFO - DiscoveryMW::event_loop - run the event loop
2023-02-13 10:21:52,040 - DiscoveryAppln - INFO - DiscoveryMW::handle_request
2023-02-13 10:21:52,040 - DiscoveryAppln - INFO - DiscoveryMW::handle_request – received bytes
2023-02-13 10:21:52,040 - DiscoveryAppln - INFO - DiscoveryMW::handle_request – converted bytes into DiscoveryReq object
2023-02-13 10:21:52,040 - DiscoveryAppln - INFO - DiscoveryMW::handle_request – sending the REGISTER request to be handled in the upcall object
2023-02-13 10:21:52,040 - DiscoveryAppln - INFO - DiscoveryAppln::handle_register_request
2023-02-13 10:21:52,040 - DiscoveryAppln - INFO - DiscoveryMW::respond_to_register_request
2023-02-13 10:21:52,040 - DiscoveryAppln - INFO - DiscoveryMW::handle_request
2023-02-13 10:21:52,040 - DiscoveryAppln - INFO - DiscoveryMW::handle_request – received bytes
2023-02-13 10:21:52,040 - DiscoveryAppln - INFO - DiscoveryMW::handle_request – converted bytes into DiscoveryReq object
2023-02-13 10:21:52,040 - DiscoveryAppln - INFO - DiscoveryMW::handle_request – sending the REGISTER request to be handled in the upcall object
2023-02-13 10:21:52,040 - DiscoveryAppln - INFO - DiscoveryAppln::handle_register_request
2023-02-13 10:21:52,040 - DiscoveryAppln - INFO - DiscoveryMW::respond_to_register_request
2023-02-13 10:21:52,041 - DiscoveryAppln - INFO - DiscoveryMW::handle_request
2023-02-13 10:21:52,041 - DiscoveryAppln - INFO - DiscoveryMW::handle_request – received bytes
2023-02-13 10:21:52,041 - DiscoveryAppln - INFO - DiscoveryMW::handle_request – converted bytes into DiscoveryReq object
2023-02-13 10:21:52,041 - DiscoveryAppln - INFO - DiscoveryMW::handle_request – sending the ISREADY request to be handled in the upcall object
2023-02-13 10:21:52,041 - DiscoveryAppln - INFO - DiscoveryMW::respond_to_isready_request
